<?xml version="1.0" encoding="UTF-8"?>
<coverage generated="1510432947907" clover="3.2.0">
  <project timestamp="1510432947907" name="All files">
    <metrics statements="30" coveredstatements="23" conditionals="12" coveredconditionals="6" methods="10" coveredmethods="10" elements="52" coveredelements="39" complexity="0" loc="30" ncloc="30" packages="1" files="3" classes="3">
      <file name="filters-form.js" path="/Users/ryland/Dropbox/webdev/projects/voluntr/src/js/vol/filters-form.js">
        <metrics statements="17" coveredstatements="10" conditionals="8" coveredconditionals="2" methods="4" coveredmethods="4"/>
        <line num="5" count="2" type="stmt"/>
        <line num="6" count="2" type="stmt"/>
        <line num="8" count="2" type="cond" truecount="2" falsecount="0"/>
        <line num="9" count="1" type="stmt"/>
        <line num="10" count="3" type="stmt"/>
        <line num="13" count="1" type="stmt"/>
        <line num="14" count="3" type="stmt"/>
        <line num="21" count="1" type="stmt"/>
        <line num="22" count="1" type="stmt"/>
        <line num="24" count="1" type="cond" truecount="0" falsecount="2"/>
        <line num="25" count="0" type="stmt"/>
        <line num="27" count="0" type="stmt"/>
        <line num="28" count="0" type="stmt"/>
        <line num="29" count="0" type="cond" truecount="0" falsecount="2"/>
        <line num="30" count="0" type="stmt"/>
        <line num="33" count="0" type="cond" truecount="0" falsecount="2"/>
        <line num="34" count="0" type="stmt"/>
      </file>
      <file name="helpers.js" path="/Users/ryland/Dropbox/webdev/projects/voluntr/src/js/vol/helpers.js">
        <metrics statements="2" coveredstatements="2" conditionals="0" coveredconditionals="0" methods="2" coveredmethods="2"/>
        <line num="7" count="3" type="stmt"/>
        <line num="10" count="4" type="stmt"/>
      </file>
      <file name="local-storage.js" path="/Users/ryland/Dropbox/webdev/projects/voluntr/src/js/vol/local-storage.js">
        <metrics statements="11" coveredstatements="11" conditionals="4" coveredconditionals="4" methods="4" coveredmethods="4"/>
        <line num="6" count="5" type="stmt"/>
        <line num="9" count="5" type="cond" truecount="2" falsecount="0"/>
        <line num="10" count="2" type="stmt"/>
        <line num="13" count="5" type="stmt"/>
        <line num="19" count="2" type="stmt"/>
        <line num="20" count="2" type="stmt"/>
        <line num="25" count="2" type="stmt"/>
        <line num="28" count="5" type="stmt"/>
        <line num="31" count="2" type="cond" truecount="2" falsecount="0"/>
        <line num="32" count="1" type="stmt"/>
        <line num="33" count="1" type="stmt"/>
      </file>
    </metrics>
  </project>
</coverage>
