{"/Users/ryland/Dropbox/webdev/projects/voluntr/src/js/vol/filters-form.js": {"path":"/Users/ryland/Dropbox/webdev/projects/voluntr/src/js/vol/filters-form.js","statementMap":{"0":{"start":{"line":5,"column":25},"end":{"line":5,"column":74}},"1":{"start":{"line":6,"column":26},"end":{"line":6,"column":68}},"2":{"start":{"line":8,"column":2},"end":{"line":16,"column":3}},"3":{"start":{"line":9,"column":4},"end":{"line":11,"column":7}},"4":{"start":{"line":10,"column":6},"end":{"line":10,"column":30}},"5":{"start":{"line":13,"column":4},"end":{"line":15,"column":7}},"6":{"start":{"line":14,"column":6},"end":{"line":14,"column":31}},"7":{"start":{"line":21,"column":28},"end":{"line":21,"column":70}},"8":{"start":{"line":22,"column":25},"end":{"line":22,"column":74}},"9":{"start":{"line":24,"column":2},"end":{"line":36,"column":3}},"10":{"start":{"line":25,"column":4},"end":{"line":25,"column":38}},"11":{"start":{"line":27,"column":21},"end":{"line":27,"column":25}},"12":{"start":{"line":28,"column":4},"end":{"line":32,"column":5}},"13":{"start":{"line":29,"column":6},"end":{"line":31,"column":7}},"14":{"start":{"line":30,"column":8},"end":{"line":30,"column":27}},"15":{"start":{"line":33,"column":4},"end":{"line":35,"column":5}},"16":{"start":{"line":34,"column":6},"end":{"line":34,"column":39}}},"fnMap":{"0":{"name":"selectAllCategories","decl":{"start":{"line":4,"column":16},"end":{"line":4,"column":35}},"loc":{"start":{"line":4,"column":38},"end":{"line":17,"column":1}},"line":4},"1":{"name":"(anonymous_1)","decl":{"start":{"line":9,"column":27},"end":{"line":9,"column":28}},"loc":{"start":{"line":9,"column":39},"end":{"line":11,"column":5}},"line":9},"2":{"name":"(anonymous_2)","decl":{"start":{"line":13,"column":27},"end":{"line":13,"column":28}},"loc":{"start":{"line":13,"column":39},"end":{"line":15,"column":5}},"line":13},"3":{"name":"toggleSelectAllCheckbox","decl":{"start":{"line":20,"column":16},"end":{"line":20,"column":39}},"loc":{"start":{"line":20,"column":42},"end":{"line":37,"column":1}},"line":20}},"branchMap":{"0":{"loc":{"start":{"line":8,"column":2},"end":{"line":16,"column":3}},"type":"if","locations":[{"start":{"line":8,"column":2},"end":{"line":16,"column":3}},{"start":{"line":8,"column":2},"end":{"line":16,"column":3}}],"line":8},"1":{"loc":{"start":{"line":24,"column":2},"end":{"line":36,"column":3}},"type":"if","locations":[{"start":{"line":24,"column":2},"end":{"line":36,"column":3}},{"start":{"line":24,"column":2},"end":{"line":36,"column":3}}],"line":24},"2":{"loc":{"start":{"line":29,"column":6},"end":{"line":31,"column":7}},"type":"if","locations":[{"start":{"line":29,"column":6},"end":{"line":31,"column":7}},{"start":{"line":29,"column":6},"end":{"line":31,"column":7}}],"line":29},"3":{"loc":{"start":{"line":33,"column":4},"end":{"line":35,"column":5}},"type":"if","locations":[{"start":{"line":33,"column":4},"end":{"line":35,"column":5}},{"start":{"line":33,"column":4},"end":{"line":35,"column":5}}],"line":33}},"s":{"0":2,"1":2,"2":2,"3":1,"4":3,"5":1,"6":3,"7":1,"8":1,"9":1,"10":0,"11":0,"12":0,"13":0,"14":0,"15":0,"16":0},"f":{"0":2,"1":3,"2":3,"3":1},"b":{"0":[1,1],"1":[0,0],"2":[0,0],"3":[0,0]},"_coverageSchema":"332fd63041d2c1bcb487cc26dd0d5f7d97098a6c","hash":"40053a7c64e6803b79f393fceabffd2275db8fbd"}
,"/Users/ryland/Dropbox/webdev/projects/voluntr/src/js/vol/helpers.js": {"path":"/Users/ryland/Dropbox/webdev/projects/voluntr/src/js/vol/helpers.js","statementMap":{"0":{"start":{"line":7,"column":4},"end":{"line":7,"column":32}},"1":{"start":{"line":10,"column":2},"end":{"line":10,"column":37}}},"fnMap":{"0":{"name":"idInArray","decl":{"start":{"line":4,"column":16},"end":{"line":4,"column":25}},"loc":{"start":{"line":4,"column":39},"end":{"line":11,"column":1}},"line":4},"1":{"name":"checkId","decl":{"start":{"line":5,"column":11},"end":{"line":5,"column":18}},"loc":{"start":{"line":5,"column":24},"end":{"line":8,"column":3}},"line":5}},"branchMap":{},"s":{"0":3,"1":4},"f":{"0":4,"1":3},"b":{},"_coverageSchema":"332fd63041d2c1bcb487cc26dd0d5f7d97098a6c","hash":"978d1ed7f332a5d600b0c684afa8a8f31dc5ef29"}
,"/Users/ryland/Dropbox/webdev/projects/voluntr/src/js/vol/local-storage.js": {"path":"/Users/ryland/Dropbox/webdev/projects/voluntr/src/js/vol/local-storage.js","statementMap":{"0":{"start":{"line":6,"column":14},"end":{"line":6,"column":59}},"1":{"start":{"line":9,"column":2},"end":{"line":11,"column":3}},"2":{"start":{"line":10,"column":4},"end":{"line":10,"column":15}},"3":{"start":{"line":13,"column":2},"end":{"line":13,"column":15}},"4":{"start":{"line":19,"column":2},"end":{"line":19,"column":18}},"5":{"start":{"line":20,"column":2},"end":{"line":20,"column":59}},"6":{"start":{"line":25,"column":18},"end":{"line":25,"column":29}},"7":{"start":{"line":28,"column":24},"end":{"line":28,"column":80}},"8":{"start":{"line":28,"column":49},"end":{"line":28,"column":79}},"9":{"start":{"line":31,"column":2},"end":{"line":34,"column":3}},"10":{"start":{"line":32,"column":4},"end":{"line":32,"column":37}},"11":{"start":{"line":33,"column":4},"end":{"line":33,"column":63}}},"fnMap":{"0":{"name":"loadStore","decl":{"start":{"line":4,"column":16},"end":{"line":4,"column":25}},"loc":{"start":{"line":4,"column":28},"end":{"line":14,"column":1}},"line":4},"1":{"name":"saveOpportunity","decl":{"start":{"line":17,"column":16},"end":{"line":17,"column":31}},"loc":{"start":{"line":17,"column":44},"end":{"line":21,"column":1}},"line":17},"2":{"name":"removeOppFromStore","decl":{"start":{"line":24,"column":16},"end":{"line":24,"column":34}},"loc":{"start":{"line":24,"column":42},"end":{"line":35,"column":1}},"line":24},"3":{"name":"(anonymous_3)","decl":{"start":{"line":28,"column":42},"end":{"line":28,"column":43}},"loc":{"start":{"line":28,"column":49},"end":{"line":28,"column":79}},"line":28}},"branchMap":{"0":{"loc":{"start":{"line":9,"column":2},"end":{"line":11,"column":3}},"type":"if","locations":[{"start":{"line":9,"column":2},"end":{"line":11,"column":3}},{"start":{"line":9,"column":2},"end":{"line":11,"column":3}}],"line":9},"1":{"loc":{"start":{"line":31,"column":2},"end":{"line":34,"column":3}},"type":"if","locations":[{"start":{"line":31,"column":2},"end":{"line":34,"column":3}},{"start":{"line":31,"column":2},"end":{"line":34,"column":3}}],"line":31}},"s":{"0":5,"1":5,"2":2,"3":5,"4":2,"5":2,"6":2,"7":2,"8":5,"9":2,"10":1,"11":1},"f":{"0":5,"1":2,"2":2,"3":5},"b":{"0":[2,3],"1":[1,1]},"_coverageSchema":"332fd63041d2c1bcb487cc26dd0d5f7d97098a6c","hash":"8e11f6a9c13aa54c5e08a41fb3ddca2cb29e3144"}
}
