TN:
SF:/Users/ryland/Dropbox/webdev/projects/voluntr/src/js/vol/filters-form.js
FN:4,selectAllCategories
FN:9,(anonymous_1)
FN:13,(anonymous_2)
FN:20,toggleSelectAllCheckbox
FNF:4
FNH:4
FNDA:2,selectAllCategories
FNDA:3,(anonymous_1)
FNDA:3,(anonymous_2)
FNDA:1,toggleSelectAllCheckbox
DA:5,2
DA:6,2
DA:8,2
DA:9,1
DA:10,3
DA:13,1
DA:14,3
DA:21,1
DA:22,1
DA:24,1
DA:25,0
DA:27,0
DA:28,0
DA:29,0
DA:30,0
DA:33,0
DA:34,0
LF:17
LH:10
BRDA:8,0,0,1
BRDA:8,0,1,1
BRDA:24,1,0,0
BRDA:24,1,1,0
BRDA:29,2,0,0
BRDA:29,2,1,0
BRDA:33,3,0,0
BRDA:33,3,1,0
BRF:8
BRH:2
end_of_record
TN:
SF:/Users/ryland/Dropbox/webdev/projects/voluntr/src/js/vol/helpers.js
FN:4,idInArray
FN:5,checkId
FNF:2
FNH:2
FNDA:4,idInArray
FNDA:3,checkId
DA:7,3
DA:10,4
LF:2
LH:2
BRF:0
BRH:0
end_of_record
TN:
SF:/Users/ryland/Dropbox/webdev/projects/voluntr/src/js/vol/local-storage.js
FN:4,loadStore
FN:17,saveOpportunity
FN:24,removeOppFromStore
FN:28,(anonymous_3)
FNF:4
FNH:4
FNDA:5,loadStore
FNDA:2,saveOpportunity
FNDA:2,removeOppFromStore
FNDA:5,(anonymous_3)
DA:6,5
DA:9,5
DA:10,2
DA:13,5
DA:19,2
DA:20,2
DA:25,2
DA:28,5
DA:31,2
DA:32,1
DA:33,1
LF:11
LH:11
BRDA:9,0,0,2
BRDA:9,0,1,3
BRDA:31,1,0,1
BRDA:31,1,1,1
BRF:4
BRH:4
end_of_record
